<?xml version="1.0" encoding="UTF-8"?>
<testsuite xmlns:xsi="http://www.w3.org/2001/XMLSchema-instance" xsi:noNamespaceSchemaLocation="https://maven.apache.org/surefire/maven-surefire-plugin/xsd/surefire-test-report.xsd" name="dao.ImageDaoTest" time="2.167" tests="5" errors="0" skipped="0" failures="0">
  <properties>
    <property name="sun.desktop" value="windows"/>
    <property name="awt.toolkit" value="sun.awt.windows.WToolkit"/>
    <property name="file.encoding.pkg" value="sun.io"/>
    <property name="java.specification.version" value="1.8"/>
    <property name="sun.cpu.isalist" value="amd64"/>
    <property name="sun.jnu.encoding" value="GBK"/>
    <property name="java.class.path" value="E:\xiangmu\image_server\target\test-classes;E:\xiangmu\image_server\target\classes;E:\qqreceive\Repository\Maven\com\google\code\gson\gson\2.8.6\gson-2.8.6.jar;E:\qqreceive\Repository\Maven\javax\servlet\javax.servlet-api\3.1.0\javax.servlet-api-3.1.0.jar;E:\qqreceive\Repository\Maven\junit\junit\4.12\junit-4.12.jar;E:\qqreceive\Repository\Maven\org\hamcrest\hamcrest-core\1.3\hamcrest-core-1.3.jar;E:\qqreceive\Repository\Maven\mysql\mysql-connector-java\5.1.49\mysql-connector-java-5.1.49.jar;E:\qqreceive\Repository\Maven\commons-fileupload\commons-fileupload\1.4\commons-fileupload-1.4.jar;E:\qqreceive\Repository\Maven\commons-io\commons-io\2.2\commons-io-2.2.jar;E:\qqreceive\Repository\Maven\commons-codec\commons-codec\1.14\commons-codec-1.14.jar;E:\qqreceive\Repository\Maven\org\projectlombok\lombok\1.18.16\lombok-1.18.16.jar;"/>
    <property name="java.vm.vendor" value="Oracle Corporation"/>
    <property name="sun.arch.data.model" value="64"/>
    <property name="user.variant" value=""/>
    <property name="java.vendor.url" value="http://java.oracle.com/"/>
    <property name="user.timezone" value="Asia/Shanghai"/>
    <property name="java.vm.specification.version" value="1.8"/>
    <property name="os.name" value="Windows 10"/>
    <property name="user.country" value="CN"/>
    <property name="sun.java.launcher" value="SUN_STANDARD"/>
    <property name="sun.boot.library.path" value="C:\Program Files\Java\jdk1.8.0_131\jre\bin"/>
    <property name="sun.java.command" value="C:\Users\YIQIEY~1\AppData\Local\Temp\surefire5406749035333908445\surefirebooter3407158952090187403.jar C:\Users\yiqieyouweifa\AppData\Local\Temp\surefire5406749035333908445 2022-03-03T19-31-35_493-jvmRun1 surefire1507415896910569560tmp surefire_03941403232716355267tmp"/>
    <property name="surefire.test.class.path" value="E:\xiangmu\image_server\target\test-classes;E:\xiangmu\image_server\target\classes;E:\qqreceive\Repository\Maven\com\google\code\gson\gson\2.8.6\gson-2.8.6.jar;E:\qqreceive\Repository\Maven\javax\servlet\javax.servlet-api\3.1.0\javax.servlet-api-3.1.0.jar;E:\qqreceive\Repository\Maven\junit\junit\4.12\junit-4.12.jar;E:\qqreceive\Repository\Maven\org\hamcrest\hamcrest-core\1.3\hamcrest-core-1.3.jar;E:\qqreceive\Repository\Maven\mysql\mysql-connector-java\5.1.49\mysql-connector-java-5.1.49.jar;E:\qqreceive\Repository\Maven\commons-fileupload\commons-fileupload\1.4\commons-fileupload-1.4.jar;E:\qqreceive\Repository\Maven\commons-io\commons-io\2.2\commons-io-2.2.jar;E:\qqreceive\Repository\Maven\commons-codec\commons-codec\1.14\commons-codec-1.14.jar;E:\qqreceive\Repository\Maven\org\projectlombok\lombok\1.18.16\lombok-1.18.16.jar;"/>
    <property name="sun.cpu.endian" value="little"/>
    <property name="user.home" value="C:\Users\yiqieyouweifa"/>
    <property name="user.language" value="zh"/>
    <property name="java.specification.vendor" value="Oracle Corporation"/>
    <property name="java.home" value="C:\Program Files\Java\jdk1.8.0_131\jre"/>
    <property name="basedir" value="E:\xiangmu\image_server"/>
    <property name="file.separator" value="\"/>
    <property name="line.separator" value="&#10;"/>
    <property name="java.vm.specification.vendor" value="Oracle Corporation"/>
    <property name="java.specification.name" value="Java Platform API Specification"/>
    <property name="java.awt.graphicsenv" value="sun.awt.Win32GraphicsEnvironment"/>
    <property name="idea.version2020.1.3" value="true"/>
    <property name="surefire.real.class.path" value="C:\Users\YIQIEY~1\AppData\Local\Temp\surefire5406749035333908445\surefirebooter3407158952090187403.jar"/>
    <property name="sun.boot.class.path" value="C:\Program Files\Java\jdk1.8.0_131\jre\lib\resources.jar;C:\Program Files\Java\jdk1.8.0_131\jre\lib\rt.jar;C:\Program Files\Java\jdk1.8.0_131\jre\lib\sunrsasign.jar;C:\Program Files\Java\jdk1.8.0_131\jre\lib\jsse.jar;C:\Program Files\Java\jdk1.8.0_131\jre\lib\jce.jar;C:\Program Files\Java\jdk1.8.0_131\jre\lib\charsets.jar;C:\Program Files\Java\jdk1.8.0_131\jre\lib\jfr.jar;C:\Program Files\Java\jdk1.8.0_131\jre\classes"/>
    <property name="user.script" value=""/>
    <property name="sun.management.compiler" value="HotSpot 64-Bit Tiered Compilers"/>
    <property name="java.runtime.version" value="1.8.0_131-b11"/>
    <property name="user.name" value="yiqieyouweifa"/>
    <property name="path.separator" value=";"/>
    <property name="os.version" value="10.0"/>
    <property name="java.endorsed.dirs" value="C:\Program Files\Java\jdk1.8.0_131\jre\lib\endorsed"/>
    <property name="java.runtime.name" value="Java(TM) SE Runtime Environment"/>
    <property name="file.encoding" value="GBK"/>
    <property name="java.vm.name" value="Java HotSpot(TM) 64-Bit Server VM"/>
    <property name="localRepository" value="E:\qqreceive\Repository\Maven"/>
    <property name="java.vendor.url.bug" value="http://bugreport.sun.com/bugreport/"/>
    <property name="java.io.tmpdir" value="C:\Users\YIQIEY~1\AppData\Local\Temp\"/>
    <property name="java.version" value="1.8.0_131"/>
    <property name="user.dir" value="E:\xiangmu\image_server"/>
    <property name="os.arch" value="amd64"/>
    <property name="java.vm.specification.name" value="Java Virtual Machine Specification"/>
    <property name="java.awt.printerjob" value="sun.awt.windows.WPrinterJob"/>
    <property name="sun.os.patch.level" value=""/>
    <property name="java.library.path" value="C:\Program Files\Java\jdk1.8.0_131\jre\bin;C:\WINDOWS\Sun\Java\bin;C:\WINDOWS\system32;C:\WINDOWS;C:\ProgramData\Oracle\Java\javapath;C:\MinGw\bin;C:\Program Files\NVIDIA Corporation\NVIDIA NvDLISR;C:\WINDOWS\system32;C:\WINDOWS;C:\WINDOWS\System32\Wbem;C:\WINDOWS\System32\WindowsPowerShell\v1.0\;C:\WINDOWS\System32\OpenSSH\;C:\Program Files\TortoiseGit\bin;C:\Program Files\Git\cmd;C:\Program Files\Java\jdk1.8.0_131\bin;E:\danzi\strawberry-perl\perl\bin;C:\Program Files (x86)\NetSarang\Xshell 7\;C:\Program Files (x86)\NetSarang\Xftp 7\;E:\danzi\Scripts\;E:\danzi\;C:\Program Files (x86)\Microsoft Visual Studio\Common\Tools\WinNT;C:\Program Files (x86)\Microsoft Visual Studio\Common\MSDev98\Bin;C:\Program Files (x86)\Microsoft Visual Studio\Common\Tools;C:\Program Files (x86)\Microsoft Visual Studio\VC98\bin;C:\Users\yiqieyouweifa\AppData\Local\Microsoft\WindowsApps;C:\python32;D:\developer_tools\java\jdk1.8.0_131\bin;D:\Microsoft VS Code\bin;D:\phpstudy_pro\Extensions\MySQL5.7.26\bin;C:\Users\yiqieyouweifa\anaconda3\Scripts;C:\Users\yiqieyouweifa\anaconda3\Library\bin;C:\Users\yiqieyouweifa\anaconda3;;D:\新建文件夹\Fiddler;."/>
    <property name="java.vm.info" value="mixed mode"/>
    <property name="java.vendor" value="Oracle Corporation"/>
    <property name="java.vm.version" value="25.131-b11"/>
    <property name="java.ext.dirs" value="C:\Program Files\Java\jdk1.8.0_131\jre\lib\ext;C:\WINDOWS\Sun\Java\lib\ext"/>
    <property name="sun.io.unicode.encoding" value="UnicodeLittle"/>
    <property name="maven.repo.local" value="E:\qqreceive\Repository\Maven"/>
    <property name="java.class.version" value="52.0"/>
  </properties>
  <testcase name="selectAll" classname="dao.ImageDaoTest" time="1.902"/>
  <testcase name="selectOne" classname="dao.ImageDaoTest" time="0.028"/>
  <testcase name="delete" classname="dao.ImageDaoTest" time="0.001"/>
  <testcase name="insert" classname="dao.ImageDaoTest" time="0.073"/>
  <testcase name="selectByMd5" classname="dao.ImageDaoTest" time="0.001"/>
</testsuite>